app/build/intermediates/manifest_merge_blame_file/debug/manifest-merger-blame-debug-report.txt
1<?xml version="1.0" encoding="utf-8"?>
2<manifest xmlns:android="http://schemas.android.com/apk/res/android"
3    package="com.android.roomdbinjava"
4    android:versionCode="1"
5    android:versionName="1.0" >
6
7    <uses-sdk
8        android:minSdkVersion="24"
8-->src/main/AndroidManifest.xml
9        android:targetSdkVersion="30" />
9-->src/main/AndroidManifest.xml
10
11    <application
11-->src/main/AndroidManifest.xml:5:5-20:19
12        android:allowBackup="true"
12-->src/main/AndroidManifest.xml:6:9-35
13        android:appComponentFactory="androidx.core.app.CoreComponentFactory"
13-->[androidx.core:core:1.5.0] AndroidManifest.xml:24:18-86
14        android:debuggable="true"
15        android:extractNativeLibs="false"
16        android:icon="@mipmap/ic_launcher"
16-->src/main/AndroidManifest.xml:7:9-43
17        android:label="@string/app_name"
17-->src/main/AndroidManifest.xml:8:9-41
18        android:roundIcon="@mipmap/ic_launcher_round"
18-->src/main/AndroidManifest.xml:9:9-54
19        android:supportsRtl="true"
19-->src/main/AndroidManifest.xml:10:9-35
20        android:testOnly="true"
21        android:theme="@style/AppTheme" >
21-->src/main/AndroidManifest.xml:11:9-40
22        <activity android:name="com.android.roomdbinjava.AddNewUserActivity" />
22-->src/main/AndroidManifest.xml:12:9-65
22-->src/main/AndroidManifest.xml:12:19-53
23        <activity android:name="com.android.roomdbinjava.MainActivity" >
23-->src/main/AndroidManifest.xml:13:9-19:20
23-->src/main/AndroidManifest.xml:13:19-47
24            <intent-filter>
24-->src/main/AndroidManifest.xml:14:13-18:29
25                <action android:name="android.intent.action.MAIN" />
25-->src/main/AndroidManifest.xml:15:17-69
25-->src/main/AndroidManifest.xml:15:25-66
26
27                <category android:name="android.intent.category.LAUNCHER" />
27-->src/main/AndroidManifest.xml:17:17-77
27-->src/main/AndroidManifest.xml:17:27-74
28            </intent-filter>
29        </activity>
30
31        <service
31-->[androidx.room:room-runtime:2.4.0-alpha03] AndroidManifest.xml:25:9-28:40
32            android:name="androidx.room.MultiInstanceInvalidationService"
32-->[androidx.room:room-runtime:2.4.0-alpha03] AndroidManifest.xml:26:13-74
33            android:directBootAware="true"
33-->[androidx.room:room-runtime:2.4.0-alpha03] AndroidManifest.xml:27:13-43
34            android:exported="false" />
34-->[androidx.room:room-runtime:2.4.0-alpha03] AndroidManifest.xml:28:13-37
35    </application>
36
37</manifest>